[2026-05-24T15:56:40Z] ========================================
[2026-05-24T15:56:40Z] Secret migration: atelier-geap-api-key
[2026-05-24T15:56:40Z] Source: i-for-ai → Destination: atelier-build-2026
[2026-05-24T15:56:40Z] Mode: DRY-RUN
[2026-05-24T15:56:40Z] ========================================
[2026-05-24T15:56:40Z] Step 1: Reading secret from i-for-ai...
[2026-05-24T15:56:42Z] Source SHA-256: ffdd03bdf23e3039a9820b2068a260b29f4fdde7344a9da59a83fd5599251d52
[2026-05-24T15:56:42Z] Source length (bytes): 53
[2026-05-24T15:56:42Z] DRY-RUN complete. Secret payload read from i-for-ai, SHA-256 captured.
[2026-05-24T15:56:42Z] To perform the actual migration, re-run with --wet (requires Daniel approval).
[2026-05-24T15:56:42Z] ========================================
[2026-05-25T08:51:40Z] ========================================
[2026-05-25T08:51:40Z] Secret migration: atelier-geap-api-key
[2026-05-25T08:51:40Z] Source: i-for-ai → Destination: atelier-build-2026
[2026-05-25T08:51:40Z] Mode: DRY-RUN
[2026-05-25T08:51:40Z] ========================================
[2026-05-25T08:51:40Z] Step 1: Reading secret from i-for-ai...
[2026-05-25T08:51:42Z] Source SHA-256: ffdd03bdf23e3039a9820b2068a260b29f4fdde7344a9da59a83fd5599251d52
[2026-05-25T08:51:42Z] Source length (bytes): 53
[2026-05-25T08:51:42Z] DRY-RUN complete. Secret payload read from i-for-ai, SHA-256 captured.
[2026-05-25T08:51:42Z] To perform the actual migration, re-run with --wet (requires Daniel approval).
[2026-05-25T08:51:42Z] ========================================
[2026-05-25T08:51:48Z] ========================================
[2026-05-25T08:51:48Z] Secret migration: atelier-geap-api-key
[2026-05-25T08:51:48Z] Source: i-for-ai → Destination: atelier-build-2026
[2026-05-25T08:51:48Z] Mode: WET (LIVE)
[2026-05-25T08:51:48Z] ========================================
[2026-05-25T08:51:48Z] Step 1: Reading secret from i-for-ai...
[2026-05-25T08:51:49Z] Source SHA-256: ffdd03bdf23e3039a9820b2068a260b29f4fdde7344a9da59a83fd5599251d52
[2026-05-25T08:51:49Z] Source length (bytes): 53
[2026-05-25T08:51:49Z] WET MODE: Proceeding with live migration...
[2026-05-25T08:51:49Z] Step 2: Creating secret atelier-geap-api-key in atelier-build-2026...
[2026-05-25T08:51:52Z]   Created secret [atelier-geap-api-key].
[2026-05-25T08:51:52Z] Secret created in atelier-build-2026.
[2026-05-25T08:51:52Z] Step 3: Adding secret version to atelier-build-2026...
[2026-05-25T08:51:54Z]   Created version [1] of the secret [atelier-geap-api-key].
[2026-05-25T08:51:54Z] Step 4: Verifying round-trip SHA-256...
[2026-05-25T08:51:55Z] Destination SHA-256: ffdd03bdf23e3039a9820b2068a260b29f4fdde7344a9da59a83fd5599251d52
[2026-05-25T08:51:55Z] Destination length (bytes): 53
[2026-05-25T08:51:55Z] ✅ SHA-256 MATCH CONFIRMED: ffdd03bdf23e3039a9820b2068a260b29f4fdde7344a9da59a83fd5599251d52 == ffdd03bdf23e3039a9820b2068a260b29f4fdde7344a9da59a83fd5599251d52
[2026-05-25T08:51:55Z] ✅ Length MATCH CONFIRMED: 53 == 53
[2026-05-25T08:51:55Z] ✅ Secret atelier-geap-api-key successfully migrated from i-for-ai to atelier-build-2026.
[2026-05-25T08:51:55Z] ========================================
