[FAIL] gate_01: Surface converges end-to-end (Cloud Run POST) — BLOCKED: Cloud Run staging not deployed yet
[FAIL] gate_02: Cloud Run deployment working — BLOCKED: atelier-build-2026 project not created yet
[FAIL] gate_03: OTel + Cloud Trace functional — BLOCKED: requires live Cloud Run + Cloud Trace
[FAIL] gate_04: BigQuery trajectory ingest working — BLOCKED: requires live BigQuery dataset in atelier-build-2026
[FAIL] gate_05: 50/484 WebGen-Bench subset passing — tests/eval/ harness not yet wired or all xfail
[PASS] gate_06: README + ROADMAP + first 5 ADRs
[FAIL] gate_07: Cost ≤ $1,200 of $5K budget — BLOCKED: requires billing query against atelier-build-2026
[FAIL] gate_08: Migration orphan-zero (05_verify_no_orphans.py) — BLOCKED: requires classification + both projects accessible
[FAIL] gate_09: gcloud asset search-all-resources returns empty for atelier in i-for-ai — Atelier resources still exist in i-for-ai
[FAIL] gate_10: terraform plan shows zero drift — BLOCKED: atelier-build-2026 project not created, terraform not initialized
[FAIL] gate_11: CI green for 3 consecutive runs on phase/1 — Fewer than 3 consecutive green CI runs
[PASS] gate_12: No --no-verify commits in past 24h
[FAIL] gate_13: pytest tests/eval/ shows no regression — tests/eval/ not yet wired or failing
[PASS] gate_14: R4-audit jq gate: evidence_tests all array-typed
[PASS] gate_15: No passes:true without backing evidence_tests
[PASS] gate_16: features.json schema: all entries have id/passes/evidence_tests
[FAIL] gate_17: §18-§21 protocol modules pass mypy --strict — Protocol modules not yet created or mypy fails
[FAIL] gate_18: At least one ADR from 0027-0030 series committed — No ADR 0027-0030 found in docs/decisions/

═══════════════════════════════════════════════════════
Phase 1 Gate: 5/18 passing, 13 failing — BLOCKING
